  [4;36;1mSQL (0.015804)[0m   [0;1mselect sqlite_version(*)[0m
  [4;35;1mSQL (0.003045)[0m   [0mCREATE TABLE schema_info (version integer)[0m
  [4;36;1mSQL (0.002997)[0m   [0;1mINSERT INTO schema_info (version) VALUES(0)[0m
  [4;35;1mSQL (0.000344)[0m   [0mSELECT * FROM schema_info[0m
  [4;36;1mSQL (0.000272)[0m   [0;1m SELECT name
 FROM sqlite_master
 WHERE type = 'table' AND NOT name = 'sqlite_sequence'
[0m
  [4;35;1mSQL (0.000229)[0m   [0mselect sqlite_version(*)[0m
  [4;36;1mSQL (0.002321)[0m   [0;1mCREATE TABLE schema_info (version integer)[0m
  [4;35;1mSQL (0.002532)[0m   [0mINSERT INTO schema_info (version) VALUES(0)[0m
  [4;36;1mSQL (0.002095)[0m   [0;1mUPDATE schema_info SET version = 0[0m
  [4;36;1mSQL (0.000314)[0m   [0;1mselect sqlite_version(*)[0m
  [4;35;1mSQL (0.000000)[0m   [0mSQLite3::SQLException: table schema_info already exists: CREATE TABLE schema_info (version integer)[0m
  [4;36;1mSQL (0.000287)[0m   [0;1mSELECT version FROM schema_info[0m
  [4;36;1mSQL (0.000253)[0m   [0;1mselect sqlite_version(*)[0m
  [4;35;1mSQL (0.000000)[0m   [0mSQLite3::SQLException: table schema_info already exists: CREATE TABLE schema_info (version integer)[0m
  [4;36;1mSQL (0.000000)[0m   [0;1mSQLite3::SQLException: table schema_info already exists: CREATE TABLE schema_info (version integer)[0m
  [4;35;1mSQL (0.000230)[0m   [0mSELECT version FROM schema_info[0m
Migrating to CreateReservations (1)
  [4;36;1mSQL (0.004463)[0m   [0;1mCREATE TABLE reservations ("id" INTEGER PRIMARY KEY AUTOINCREMENT NOT NULL, "check_in" date DEFAULT NULL, "check_out" date DEFAULT NULL, "rate" integer DEFAULT NULL, "number_of_rooms" integer DEFAULT NULL, "room_type_id" integer DEFAULT NULL, "created_at" datetime DEFAULT NULL, "updated_at" datetime DEFAULT NULL) [0m
  [4;35;1mSQL (0.002690)[0m   [0mUPDATE schema_info SET version = 1[0m
  [4;36;1mSQL (0.000533)[0m   [0;1mSELECT * FROM schema_info[0m
  [4;35;1mSQL (0.000388)[0m   [0m SELECT name
 FROM sqlite_master
 WHERE type = 'table' AND NOT name = 'sqlite_sequence'
[0m
  [4;36;1mSQL (0.000093)[0m   [0;1mPRAGMA index_list(reservations)[0m
  [4;36;1mSQL (0.000245)[0m   [0;1mselect sqlite_version(*)[0m
  [4;35;1mSQL (0.000000)[0m   [0mSQLite3::SQLException: table schema_info already exists: CREATE TABLE schema_info (version integer)[0m
  [4;36;1mSQL (0.000212)[0m   [0;1mSELECT version FROM schema_info[0m
  [4;35;1mSQL (0.000210)[0m   [0mSELECT * FROM schema_info[0m
  [4;36;1mSQL (0.000251)[0m   [0;1m SELECT name
 FROM sqlite_master
 WHERE type = 'table' AND NOT name = 'sqlite_sequence'
[0m
  [4;35;1mSQL (0.000066)[0m   [0mPRAGMA index_list(reservations)[0m
  [4;36;1mSQL (0.000202)[0m   [0;1mselect sqlite_version(*)[0m
  [4;35;1mSQL (0.000000)[0m   [0mSQLite3::SQLException: no such table: reservations: DROP TABLE reservations[0m
  [4;36;1mSQL (0.002772)[0m   [0;1mCREATE TABLE reservations ("id" INTEGER PRIMARY KEY AUTOINCREMENT NOT NULL, "check_in" date DEFAULT NULL, "check_out" date DEFAULT NULL, "rate" integer DEFAULT NULL, "number_of_rooms" integer DEFAULT NULL, "room_type_id" integer DEFAULT NULL, "created_at" datetime DEFAULT NULL, "updated_at" datetime DEFAULT NULL) [0m
  [4;35;1mSQL (0.002583)[0m   [0mCREATE TABLE schema_info (version integer)[0m
  [4;36;1mSQL (0.002490)[0m   [0;1mINSERT INTO schema_info (version) VALUES(0)[0m
  [4;35;1mSQL (0.002287)[0m   [0mUPDATE schema_info SET version = 1[0m
  [4;36;1mSQL (0.000270)[0m   [0;1mselect sqlite_version(*)[0m
  [4;35;1mSQL (0.000000)[0m   [0mSQLite3::SQLException: table schema_info already exists: CREATE TABLE schema_info (version integer)[0m
  [4;36;1mSQL (0.000219)[0m   [0;1mSELECT version FROM schema_info[0m
  [4;35;1mSQL (0.000206)[0m   [0mSELECT * FROM schema_info[0m
  [4;36;1mSQL (0.000288)[0m   [0;1m SELECT name
 FROM sqlite_master
 WHERE type = 'table' AND NOT name = 'sqlite_sequence'
[0m
  [4;35;1mSQL (0.000066)[0m   [0mPRAGMA index_list(reservations)[0m
  [4;36;1mSQL (0.000210)[0m   [0;1mselect sqlite_version(*)[0m
  [4;35;1mSQL (0.000000)[0m   [0mSQLite3::SQLException: no such table: reservations: DROP TABLE reservations[0m
  [4;36;1mSQL (0.002288)[0m   [0;1mCREATE TABLE reservations ("id" INTEGER PRIMARY KEY AUTOINCREMENT NOT NULL, "check_in" date DEFAULT NULL, "check_out" date DEFAULT NULL, "rate" integer DEFAULT NULL, "number_of_rooms" integer DEFAULT NULL, "room_type_id" integer DEFAULT NULL, "created_at" datetime DEFAULT NULL, "updated_at" datetime DEFAULT NULL) [0m
  [4;35;1mSQL (0.002303)[0m   [0mCREATE TABLE schema_info (version integer)[0m
  [4;36;1mSQL (0.002418)[0m   [0;1mINSERT INTO schema_info (version) VALUES(0)[0m
  [4;35;1mSQL (0.002404)[0m   [0mUPDATE schema_info SET version = 1[0m
  [4;36;1mSQL (0.000238)[0m   [0;1mselect sqlite_version(*)[0m
  [4;35;1mSQL (0.000000)[0m   [0mSQLite3::SQLException: table schema_info already exists: CREATE TABLE schema_info (version integer)[0m
  [4;36;1mSQL (0.000225)[0m   [0;1mSELECT version FROM schema_info[0m
  [4;35;1mSQL (0.000185)[0m   [0mSELECT version FROM schema_info[0m
  [4;36;1mSQL (0.000260)[0m   [0;1mselect sqlite_version(*)[0m
  [4;35;1mSQL (0.000000)[0m   [0mSQLite3::SQLException: table schema_info already exists: CREATE TABLE schema_info (version integer)[0m
  [4;36;1mSQL (0.000000)[0m   [0;1mSQLite3::SQLException: table schema_info already exists: CREATE TABLE schema_info (version integer)[0m
  [4;35;1mSQL (0.000228)[0m   [0mSELECT version FROM schema_info[0m
  [4;36;1mSQL (0.000185)[0m   [0;1mSELECT version FROM schema_info[0m
Migrating to CreateRoomTypes (2)
  [4;35;1mSQL (0.005165)[0m   [0mCREATE TABLE room_types ("id" INTEGER PRIMARY KEY AUTOINCREMENT NOT NULL, "name" varchar(255) DEFAULT NULL, "created_at" datetime DEFAULT NULL, "updated_at" datetime DEFAULT NULL) [0m
  [4;36;1mSQL (0.002629)[0m   [0;1mUPDATE schema_info SET version = 2[0m
  [4;35;1mSQL (0.000608)[0m   [0mSELECT * FROM schema_info[0m
  [4;36;1mSQL (0.000485)[0m   [0;1m SELECT name
 FROM sqlite_master
 WHERE type = 'table' AND NOT name = 'sqlite_sequence'
[0m
  [4;35;1mSQL (0.000081)[0m   [0mPRAGMA index_list(reservations)[0m
  [4;36;1mSQL (0.000077)[0m   [0;1mPRAGMA index_list(room_types)[0m
  [4;36;1mSQL (0.000247)[0m   [0;1mselect sqlite_version(*)[0m
  [4;35;1mSQL (0.000000)[0m   [0mSQLite3::SQLException: table schema_info already exists: CREATE TABLE schema_info (version integer)[0m
  [4;36;1mSQL (0.000221)[0m   [0;1mSELECT version FROM schema_info[0m
  [4;35;1mSQL (0.000188)[0m   [0mSELECT version FROM schema_info[0m
  [4;36;1mSQL (0.000202)[0m   [0;1mSELECT * FROM schema_info[0m
  [4;35;1mSQL (0.000301)[0m   [0m SELECT name
 FROM sqlite_master
 WHERE type = 'table' AND NOT name = 'sqlite_sequence'
[0m
  [4;36;1mSQL (0.000067)[0m   [0;1mPRAGMA index_list(reservations)[0m
  [4;35;1mSQL (0.000064)[0m   [0mPRAGMA index_list(room_types)[0m
  [4;36;1mSQL (0.000203)[0m   [0;1mselect sqlite_version(*)[0m
  [4;35;1mSQL (0.000000)[0m   [0mSQLite3::SQLException: no such table: reservations: DROP TABLE reservations[0m
  [4;36;1mSQL (0.002823)[0m   [0;1mCREATE TABLE reservations ("id" INTEGER PRIMARY KEY AUTOINCREMENT NOT NULL, "check_in" date DEFAULT NULL, "check_out" date DEFAULT NULL, "rate" integer DEFAULT NULL, "number_of_rooms" integer DEFAULT NULL, "room_type_id" integer DEFAULT NULL, "created_at" datetime DEFAULT NULL, "updated_at" datetime DEFAULT NULL) [0m
  [4;35;1mSQL (0.000000)[0m   [0mSQLite3::SQLException: no such table: room_types: DROP TABLE room_types[0m
  [4;36;1mSQL (0.002500)[0m   [0;1mCREATE TABLE room_types ("id" INTEGER PRIMARY KEY AUTOINCREMENT NOT NULL, "name" varchar(255) DEFAULT NULL, "created_at" datetime DEFAULT NULL, "updated_at" datetime DEFAULT NULL) [0m
  [4;35;1mSQL (0.002778)[0m   [0mCREATE TABLE schema_info (version integer)[0m
  [4;36;1mSQL (0.002375)[0m   [0;1mINSERT INTO schema_info (version) VALUES(0)[0m
  [4;35;1mSQL (0.002297)[0m   [0mUPDATE schema_info SET version = 2[0m
  [4;36;1mSQL (0.000293)[0m   [0;1mselect sqlite_version(*)[0m
  [4;35;1mSQL (0.000000)[0m   [0mSQLite3::SQLException: table schema_info already exists: CREATE TABLE schema_info (version integer)[0m
  [4;36;1mSQL (0.000254)[0m   [0;1mSELECT version FROM schema_info[0m
  [4;35;1mSQL (0.000203)[0m   [0mSELECT version FROM schema_info[0m
  [4;36;1mSQL (0.000226)[0m   [0;1mSELECT * FROM schema_info[0m
  [4;35;1mSQL (0.000301)[0m   [0m SELECT name
 FROM sqlite_master
 WHERE type = 'table' AND NOT name = 'sqlite_sequence'
[0m
  [4;36;1mSQL (0.000128)[0m   [0;1mPRAGMA index_list(reservations)[0m
  [4;35;1mSQL (0.000124)[0m   [0mPRAGMA index_list(room_types)[0m
  [4;36;1mSQL (0.000191)[0m   [0;1mselect sqlite_version(*)[0m
  [4;35;1mSQL (0.000000)[0m   [0mSQLite3::SQLException: no such table: reservations: DROP TABLE reservations[0m
  [4;36;1mSQL (0.002691)[0m   [0;1mCREATE TABLE reservations ("id" INTEGER PRIMARY KEY AUTOINCREMENT NOT NULL, "check_in" date DEFAULT NULL, "check_out" date DEFAULT NULL, "rate" integer DEFAULT NULL, "number_of_rooms" integer DEFAULT NULL, "room_type_id" integer DEFAULT NULL, "created_at" datetime DEFAULT NULL, "updated_at" datetime DEFAULT NULL) [0m
  [4;35;1mSQL (0.000000)[0m   [0mSQLite3::SQLException: no such table: room_types: DROP TABLE room_types[0m
  [4;36;1mSQL (0.002353)[0m   [0;1mCREATE TABLE room_types ("id" INTEGER PRIMARY KEY AUTOINCREMENT NOT NULL, "name" varchar(255) DEFAULT NULL, "created_at" datetime DEFAULT NULL, "updated_at" datetime DEFAULT NULL) [0m
  [4;35;1mSQL (0.002442)[0m   [0mCREATE TABLE schema_info (version integer)[0m
  [4;36;1mSQL (0.002281)[0m   [0;1mINSERT INTO schema_info (version) VALUES(0)[0m
  [4;35;1mSQL (0.002385)[0m   [0mUPDATE schema_info SET version = 2[0m
  [4;36;1mSQL (0.000249)[0m   [0;1mselect sqlite_version(*)[0m
  [4;35;1mSQL (0.000000)[0m   [0mSQLite3::SQLException: table schema_info already exists: CREATE TABLE schema_info (version integer)[0m
  [4;36;1mSQL (0.000000)[0m   [0;1mSQLite3::SQLException: table schema_info already exists: CREATE TABLE schema_info (version integer)[0m
  [4;35;1mSQL (0.000233)[0m   [0mSELECT version FROM schema_info[0m
  [4;36;1mSQL (0.000186)[0m   [0;1mSELECT version FROM schema_info[0m
  [4;35;1mSQL (0.000200)[0m   [0mSELECT * FROM schema_info[0m
  [4;36;1mSQL (0.000298)[0m   [0;1m SELECT name
 FROM sqlite_master
 WHERE type = 'table' AND NOT name = 'sqlite_sequence'
[0m
  [4;35;1mSQL (0.000065)[0m   [0mPRAGMA index_list(reservations)[0m
  [4;36;1mSQL (0.000064)[0m   [0;1mPRAGMA index_list(room_types)[0m
  [4;36;1mSQL (0.000260)[0m   [0;1mselect sqlite_version(*)[0m
  [4;35;1mSQL (0.000000)[0m   [0mSQLite3::SQLException: table schema_info already exists: CREATE TABLE schema_info (version integer)[0m
  [4;36;1mSQL (0.000203)[0m   [0;1mSELECT version FROM schema_info[0m
  [4;35;1mSQL (0.000188)[0m   [0mSELECT version FROM schema_info[0m
  [4;36;1mSQL (0.000000)[0m   [0;1mSQLite3::SQLException: table schema_info already exists: CREATE TABLE schema_info (version integer)[0m
  [4;35;1mSQL (0.000224)[0m   [0mSELECT version FROM schema_info[0m
Migrating to CreateRoomTypes (2)
  [4;36;1mSQL (0.004774)[0m   [0;1mDROP TABLE room_types[0m
  [4;35;1mSQL (0.002262)[0m   [0mUPDATE schema_info SET version = 1[0m
Reached target version: 1
  [4;36;1mSQL (0.000494)[0m   [0;1mSELECT * FROM schema_info[0m
  [4;35;1mSQL (0.000357)[0m   [0m SELECT name
 FROM sqlite_master
 WHERE type = 'table' AND NOT name = 'sqlite_sequence'
[0m
  [4;36;1mSQL (0.000101)[0m   [0;1mPRAGMA index_list(reservations)[0m
  [4;36;1mSQL (0.000252)[0m   [0;1mselect sqlite_version(*)[0m
  [4;35;1mSQL (0.000000)[0m   [0mSQLite3::SQLException: table schema_info already exists: CREATE TABLE schema_info (version integer)[0m
  [4;36;1mSQL (0.000000)[0m   [0;1mSQLite3::SQLException: table schema_info already exists: CREATE TABLE schema_info (version integer)[0m
  [4;35;1mSQL (0.000231)[0m   [0mSELECT version FROM schema_info[0m
  [4;36;1mSQL (0.000187)[0m   [0;1mSELECT version FROM schema_info[0m
Migrating to CreateRoomTypes (2)
  [4;35;1mSQL (0.004712)[0m   [0mCREATE TABLE room_types ("id" INTEGER PRIMARY KEY AUTOINCREMENT NOT NULL, "name" varchar(255) DEFAULT NULL, "rack_rate" decimal DEFAULT NULL, "created_at" datetime DEFAULT NULL, "updated_at" datetime DEFAULT NULL) [0m
  [4;36;1mSQL (0.002472)[0m   [0;1mUPDATE schema_info SET version = 2[0m
  [4;35;1mSQL (0.000511)[0m   [0mSELECT * FROM schema_info[0m
  [4;36;1mSQL (0.000458)[0m   [0;1m SELECT name
 FROM sqlite_master
 WHERE type = 'table' AND NOT name = 'sqlite_sequence'
[0m
  [4;35;1mSQL (0.000087)[0m   [0mPRAGMA index_list(reservations)[0m
  [4;36;1mSQL (0.000085)[0m   [0;1mPRAGMA index_list(room_types)[0m
  [4;36;1mSQL (0.000257)[0m   [0;1mselect sqlite_version(*)[0m
  [4;35;1mSQL (0.003540)[0m   [0mCREATE TABLE schema_info (version integer)[0m
  [4;36;1mSQL (0.002623)[0m   [0;1mINSERT INTO schema_info (version) VALUES(0)[0m
  [4;35;1mSQL (0.000000)[0m   [0mSQLite3::SQLException: table schema_info already exists: CREATE TABLE schema_info (version integer)[0m
  [4;36;1mSQL (0.000340)[0m   [0;1mSELECT version FROM schema_info[0m
Migrating to CreateReservations (1)
  [4;35;1mSQL (0.002502)[0m   [0mCREATE TABLE reservations ("id" INTEGER PRIMARY KEY AUTOINCREMENT NOT NULL, "check_in" date DEFAULT NULL, "check_out" date DEFAULT NULL, "rate" integer DEFAULT NULL, "number_of_rooms" integer DEFAULT NULL, "room_type_id" integer DEFAULT NULL, "created_at" datetime DEFAULT NULL, "updated_at" datetime DEFAULT NULL) [0m
  [4;36;1mSQL (0.002242)[0m   [0;1mUPDATE schema_info SET version = 1[0m
  [4;35;1mSQL (0.000468)[0m   [0mSELECT version FROM schema_info[0m
Migrating to CreateRoomTypes (2)
  [4;36;1mSQL (0.002260)[0m   [0;1mCREATE TABLE room_types ("id" INTEGER PRIMARY KEY AUTOINCREMENT NOT NULL, "name" varchar(255) DEFAULT NULL, "rack_rate" decimal DEFAULT NULL, "created_at" datetime DEFAULT NULL, "updated_at" datetime DEFAULT NULL) [0m
  [4;35;1mSQL (0.002233)[0m   [0mUPDATE schema_info SET version = 2[0m
  [4;36;1mSQL (0.000352)[0m   [0;1mSELECT * FROM schema_info[0m
  [4;35;1mSQL (0.000438)[0m   [0m SELECT name
 FROM sqlite_master
 WHERE type = 'table' AND NOT name = 'sqlite_sequence'
[0m
  [4;36;1mSQL (0.000087)[0m   [0;1mPRAGMA index_list(reservations)[0m
  [4;35;1mSQL (0.000086)[0m   [0mPRAGMA index_list(room_types)[0m
  [4;36;1mSQL (0.000252)[0m   [0;1mselect sqlite_version(*)[0m
  [4;35;1mSQL (0.000000)[0m   [0mSQLite3::SQLException: table schema_info already exists: CREATE TABLE schema_info (version integer)[0m
  [4;36;1mSQL (0.000223)[0m   [0;1mSELECT version FROM schema_info[0m
  [4;35;1mSQL (0.000200)[0m   [0mSELECT version FROM schema_info[0m
  [4;36;1mSQL (0.000211)[0m   [0;1mSELECT * FROM schema_info[0m
  [4;35;1mSQL (0.000302)[0m   [0m SELECT name
 FROM sqlite_master
 WHERE type = 'table' AND NOT name = 'sqlite_sequence'
[0m
  [4;36;1mSQL (0.000067)[0m   [0;1mPRAGMA index_list(reservations)[0m
  [4;35;1mSQL (0.000063)[0m   [0mPRAGMA index_list(room_types)[0m
  [4;36;1mSQL (0.000246)[0m   [0;1mselect sqlite_version(*)[0m
  [4;35;1mSQL (0.000000)[0m   [0mSQLite3::SQLException: no such table: reservations: DROP TABLE reservations[0m
  [4;36;1mSQL (0.002390)[0m   [0;1mCREATE TABLE reservations ("id" INTEGER PRIMARY KEY AUTOINCREMENT NOT NULL, "check_in" date DEFAULT NULL, "check_out" date DEFAULT NULL, "rate" integer DEFAULT NULL, "number_of_rooms" integer DEFAULT NULL, "room_type_id" integer DEFAULT NULL, "created_at" datetime DEFAULT NULL, "updated_at" datetime DEFAULT NULL) [0m
  [4;35;1mSQL (0.000000)[0m   [0mSQLite3::SQLException: no such table: room_types: DROP TABLE room_types[0m
  [4;36;1mSQL (0.002360)[0m   [0;1mCREATE TABLE room_types ("id" INTEGER PRIMARY KEY AUTOINCREMENT NOT NULL, "name" varchar(255) DEFAULT NULL, "rack_rate" decimal DEFAULT NULL, "created_at" datetime DEFAULT NULL, "updated_at" datetime DEFAULT NULL) [0m
  [4;35;1mSQL (0.002491)[0m   [0mCREATE TABLE schema_info (version integer)[0m
  [4;36;1mSQL (0.002109)[0m   [0;1mINSERT INTO schema_info (version) VALUES(0)[0m
  [4;35;1mSQL (0.002169)[0m   [0mUPDATE schema_info SET version = 2[0m
  [4;36;1mSQL (0.000247)[0m   [0;1mselect sqlite_version(*)[0m
  [4;35;1mSQL (0.003683)[0m   [0mCREATE TABLE schema_info (version integer)[0m
  [4;36;1mSQL (0.002406)[0m   [0;1mINSERT INTO schema_info (version) VALUES(0)[0m
  [4;35;1mSQL (0.000377)[0m   [0mSELECT version FROM schema_info[0m
  [4;36;1mSQL (0.000250)[0m   [0;1mSELECT version FROM schema_info[0m
  [4;36;1mSQL (0.000248)[0m   [0;1mselect sqlite_version(*)[0m
  [4;35;1mSQL (0.000000)[0m   [0mSQLite3::SQLException: table schema_info already exists: CREATE TABLE schema_info (version integer)[0m
  [4;36;1mSQL (0.000000)[0m   [0;1mSQLite3::SQLException: table schema_info already exists: CREATE TABLE schema_info (version integer)[0m
  [4;35;1mSQL (0.000221)[0m   [0mSELECT version FROM schema_info[0m
Migrating to CreateRoomTypes (1)
  [4;36;1mSQL (0.003745)[0m   [0;1mCREATE TABLE room_types ("id" INTEGER PRIMARY KEY AUTOINCREMENT NOT NULL, "name" varchar(255) DEFAULT NULL, "rack_rate" decimal DEFAULT NULL, "created_at" datetime DEFAULT NULL, "updated_at" datetime DEFAULT NULL) [0m
  [4;35;1mSQL (0.002329)[0m   [0mUPDATE schema_info SET version = 1[0m
  [4;36;1mSQL (0.000483)[0m   [0;1mSELECT version FROM schema_info[0m
Migrating to CreateReservations (2)
  [4;35;1mSQL (0.002729)[0m   [0mCREATE TABLE reservations ("id" INTEGER PRIMARY KEY AUTOINCREMENT NOT NULL, "check_in" date DEFAULT NULL, "check_out" date DEFAULT NULL, "rate" integer DEFAULT NULL, "number_of_rooms" integer DEFAULT NULL, "room_type_id" integer DEFAULT NULL, "created_at" datetime DEFAULT NULL, "updated_at" datetime DEFAULT NULL) [0m
  [4;36;1mSQL (0.002302)[0m   [0;1mUPDATE schema_info SET version = 2[0m
  [4;35;1mSQL (0.000499)[0m   [0mSELECT * FROM schema_info[0m
  [4;36;1mSQL (0.000388)[0m   [0;1m SELECT name
 FROM sqlite_master
 WHERE type = 'table' AND NOT name = 'sqlite_sequence'
[0m
  [4;35;1mSQL (0.000075)[0m   [0mPRAGMA index_list(reservations)[0m
  [4;36;1mSQL (0.000072)[0m   [0;1mPRAGMA index_list(room_types)[0m
  [4;36;1mSQL (0.000245)[0m   [0;1mselect sqlite_version(*)[0m
  [4;35;1mSQL (0.000000)[0m   [0mSQLite3::SQLException: table schema_info already exists: CREATE TABLE schema_info (version integer)[0m
  [4;36;1mSQL (0.000228)[0m   [0;1mSELECT version FROM schema_info[0m
  [4;35;1mSQL (0.000186)[0m   [0mSELECT version FROM schema_info[0m
  [4;36;1mSQL (0.000202)[0m   [0;1mSELECT * FROM schema_info[0m
  [4;35;1mSQL (0.000301)[0m   [0m SELECT name
 FROM sqlite_master
 WHERE type = 'table' AND NOT name = 'sqlite_sequence'
[0m
  [4;36;1mSQL (0.000068)[0m   [0;1mPRAGMA index_list(reservations)[0m
  [4;35;1mSQL (0.000064)[0m   [0mPRAGMA index_list(room_types)[0m
  [4;36;1mSQL (0.000189)[0m   [0;1mselect sqlite_version(*)[0m
  [4;35;1mSQL (0.000000)[0m   [0mSQLite3::SQLException: no such table: reservations: DROP TABLE reservations[0m
  [4;36;1mSQL (0.002277)[0m   [0;1mCREATE TABLE reservations ("id" INTEGER PRIMARY KEY AUTOINCREMENT NOT NULL, "check_in" date DEFAULT NULL, "check_out" date DEFAULT NULL, "rate" integer DEFAULT NULL, "number_of_rooms" integer DEFAULT NULL, "room_type_id" integer DEFAULT NULL, "created_at" datetime DEFAULT NULL, "updated_at" datetime DEFAULT NULL) [0m
  [4;35;1mSQL (0.000000)[0m   [0mSQLite3::SQLException: no such table: room_types: DROP TABLE room_types[0m
  [4;36;1mSQL (0.002288)[0m   [0;1mCREATE TABLE room_types ("id" INTEGER PRIMARY KEY AUTOINCREMENT NOT NULL, "name" varchar(255) DEFAULT NULL, "rack_rate" decimal DEFAULT NULL, "created_at" datetime DEFAULT NULL, "updated_at" datetime DEFAULT NULL) [0m
  [4;35;1mSQL (0.002357)[0m   [0mCREATE TABLE schema_info (version integer)[0m
  [4;36;1mSQL (0.002081)[0m   [0;1mINSERT INTO schema_info (version) VALUES(0)[0m
  [4;35;1mSQL (0.002220)[0m   [0mUPDATE schema_info SET version = 2[0m
  [4;36;1mSQL (0.000667)[0m   [0;1m SELECT name
 FROM sqlite_master
 WHERE type = 'table' AND NOT name = 'sqlite_sequence'
[0m
  [4;35;1mSQL (0.000582)[0m   [0m SELECT name
 FROM sqlite_master
 WHERE type = 'table' AND NOT name = 'sqlite_sequence'
[0m
  [4;36;1mSQL (0.000633)[0m   [0;1m SELECT name
 FROM sqlite_master
 WHERE type = 'table' AND NOT name = 'sqlite_sequence'
[0m
  [4;35;1mSQL (0.000591)[0m   [0m SELECT name
 FROM sqlite_master
 WHERE type = 'table' AND NOT name = 'sqlite_sequence'
[0m
  [4;36;1mSQL (0.000569)[0m   [0;1m SELECT name
 FROM sqlite_master
 WHERE type = 'table' AND NOT name = 'sqlite_sequence'
[0m
  [4;36;1mSQL (0.000253)[0m   [0;1mselect sqlite_version(*)[0m
  [4;35;1mSQL (0.004170)[0m   [0mCREATE TABLE schema_info (version integer)[0m
  [4;36;1mSQL (0.002426)[0m   [0;1mINSERT INTO schema_info (version) VALUES(0)[0m
  [4;35;1mSQL (0.000000)[0m   [0mSQLite3::SQLException: table schema_info already exists: CREATE TABLE schema_info (version integer)[0m
  [4;36;1mSQL (0.000366)[0m   [0;1mSELECT version FROM schema_info[0m
Migrating to CreateRoomTypes (1)
  [4;35;1mSQL (0.002509)[0m   [0mCREATE TABLE room_types ("id" INTEGER PRIMARY KEY AUTOINCREMENT NOT NULL, "name" varchar(255) DEFAULT NULL, "rack_rate" decimal DEFAULT NULL, "created_at" datetime DEFAULT NULL, "updated_at" datetime DEFAULT NULL) [0m
  [4;36;1mSQL (0.002162)[0m   [0;1mUPDATE schema_info SET version = 1[0m
  [4;35;1mSQL (0.000470)[0m   [0mSELECT version FROM schema_info[0m
Migrating to CreateReservations (2)
  [4;36;1mSQL (0.002329)[0m   [0;1mCREATE TABLE reservations ("id" INTEGER PRIMARY KEY AUTOINCREMENT NOT NULL, "check_in" date DEFAULT NULL, "check_out" date DEFAULT NULL, "rate" integer DEFAULT NULL, "number_of_rooms" integer DEFAULT NULL, "room_type_id" integer DEFAULT NULL, "created_at" datetime DEFAULT NULL, "updated_at" datetime DEFAULT NULL) [0m
  [4;35;1mSQL (0.002289)[0m   [0mUPDATE schema_info SET version = 2[0m
  [4;36;1mSQL (0.000334)[0m   [0;1mSELECT * FROM schema_info[0m
  [4;35;1mSQL (0.000405)[0m   [0m SELECT name
 FROM sqlite_master
 WHERE type = 'table' AND NOT name = 'sqlite_sequence'
[0m
  [4;36;1mSQL (0.000087)[0m   [0;1mPRAGMA index_list(reservations)[0m
  [4;35;1mSQL (0.000086)[0m   [0mPRAGMA index_list(room_types)[0m
  [4;36;1mSQL (0.000258)[0m   [0;1mselect sqlite_version(*)[0m
  [4;35;1mSQL (0.000000)[0m   [0mSQLite3::SQLException: table schema_info already exists: CREATE TABLE schema_info (version integer)[0m
  [4;36;1mSQL (0.000230)[0m   [0;1mSELECT version FROM schema_info[0m
  [4;35;1mSQL (0.000187)[0m   [0mSELECT version FROM schema_info[0m
  [4;36;1mSQL (0.000207)[0m   [0;1mSELECT * FROM schema_info[0m
  [4;35;1mSQL (0.000306)[0m   [0m SELECT name
 FROM sqlite_master
 WHERE type = 'table' AND NOT name = 'sqlite_sequence'
[0m
  [4;36;1mSQL (0.000069)[0m   [0;1mPRAGMA index_list(reservations)[0m
  [4;35;1mSQL (0.000064)[0m   [0mPRAGMA index_list(room_types)[0m
  [4;36;1mSQL (0.000196)[0m   [0;1mselect sqlite_version(*)[0m
  [4;35;1mSQL (0.000000)[0m   [0mSQLite3::SQLException: no such table: reservations: DROP TABLE reservations[0m
  [4;36;1mSQL (0.002711)[0m   [0;1mCREATE TABLE reservations ("id" INTEGER PRIMARY KEY AUTOINCREMENT NOT NULL, "check_in" date DEFAULT NULL, "check_out" date DEFAULT NULL, "rate" integer DEFAULT NULL, "number_of_rooms" integer DEFAULT NULL, "room_type_id" integer DEFAULT NULL, "created_at" datetime DEFAULT NULL, "updated_at" datetime DEFAULT NULL) [0m
  [4;35;1mSQL (0.000000)[0m   [0mSQLite3::SQLException: no such table: room_types: DROP TABLE room_types[0m
  [4;36;1mSQL (0.002875)[0m   [0;1mCREATE TABLE room_types ("id" INTEGER PRIMARY KEY AUTOINCREMENT NOT NULL, "name" varchar(255) DEFAULT NULL, "rack_rate" decimal DEFAULT NULL, "created_at" datetime DEFAULT NULL, "updated_at" datetime DEFAULT NULL) [0m
  [4;35;1mSQL (0.002681)[0m   [0mCREATE TABLE schema_info (version integer)[0m
  [4;36;1mSQL (0.002427)[0m   [0;1mINSERT INTO schema_info (version) VALUES(0)[0m
  [4;35;1mSQL (0.002379)[0m   [0mUPDATE schema_info SET version = 2[0m
  [4;36;1mSQL (0.015240)[0m   [0;1mselect sqlite_version(*)[0m
  [4;35;1mSQL (0.000000)[0m   [0mSQLite3::SQLException: table schema_info already exists: CREATE TABLE schema_info (version integer)[0m
  [4;36;1mSQL (0.000393)[0m   [0;1mSELECT version FROM schema_info[0m
  [4;35;1mSQL (0.000294)[0m   [0mSELECT version FROM schema_info[0m
  [4;36;1mSQL (0.000272)[0m   [0;1mSELECT * FROM schema_info[0m
  [4;35;1mSQL (0.000397)[0m   [0m SELECT name
 FROM sqlite_master
 WHERE type = 'table' AND NOT name = 'sqlite_sequence'
[0m
  [4;36;1mSQL (0.000089)[0m   [0;1mPRAGMA index_list(reservations)[0m
  [4;35;1mSQL (0.000084)[0m   [0mPRAGMA index_list(room_types)[0m
  [4;36;1mSQL (0.000243)[0m   [0;1mselect sqlite_version(*)[0m
  [4;35;1mSQL (0.000000)[0m   [0mSQLite3::SQLException: no such table: reservations: DROP TABLE reservations[0m
  [4;36;1mSQL (0.146774)[0m   [0;1mCREATE TABLE reservations ("id" INTEGER PRIMARY KEY AUTOINCREMENT NOT NULL, "check_in" date DEFAULT NULL, "check_out" date DEFAULT NULL, "rate" integer DEFAULT NULL, "number_of_rooms" integer DEFAULT NULL, "room_type_id" integer DEFAULT NULL, "created_at" datetime DEFAULT NULL, "updated_at" datetime DEFAULT NULL) [0m
  [4;35;1mSQL (0.000000)[0m   [0mSQLite3::SQLException: no such table: room_types: DROP TABLE room_types[0m
  [4;36;1mSQL (0.002363)[0m   [0;1mCREATE TABLE room_types ("id" INTEGER PRIMARY KEY AUTOINCREMENT NOT NULL, "name" varchar(255) DEFAULT NULL, "rack_rate" decimal DEFAULT NULL, "created_at" datetime DEFAULT NULL, "updated_at" datetime DEFAULT NULL) [0m
  [4;35;1mSQL (0.003038)[0m   [0mCREATE TABLE schema_info (version integer)[0m
  [4;36;1mSQL (0.002330)[0m   [0;1mINSERT INTO schema_info (version) VALUES(0)[0m
  [4;35;1mSQL (0.002256)[0m   [0mUPDATE schema_info SET version = 2[0m
  [4;36;1mSQL (0.000242)[0m   [0;1mselect sqlite_version(*)[0m
  [4;35;1mSQL (0.000000)[0m   [0mSQLite3::SQLException: table schema_info already exists: CREATE TABLE schema_info (version integer)[0m
  [4;36;1mSQL (0.000224)[0m   [0;1mSELECT version FROM schema_info[0m
  [4;35;1mSQL (0.000185)[0m   [0mSELECT version FROM schema_info[0m
  [4;36;1mSQL (0.000210)[0m   [0;1mSELECT * FROM schema_info[0m
  [4;35;1mSQL (0.000298)[0m   [0m SELECT name
 FROM sqlite_master
 WHERE type = 'table' AND NOT name = 'sqlite_sequence'
[0m
  [4;36;1mSQL (0.000067)[0m   [0;1mPRAGMA index_list(reservations)[0m
  [4;35;1mSQL (0.000064)[0m   [0mPRAGMA index_list(room_types)[0m
  [4;36;1mSQL (0.000192)[0m   [0;1mselect sqlite_version(*)[0m
  [4;35;1mSQL (0.000000)[0m   [0mSQLite3::SQLException: no such table: reservations: DROP TABLE reservations[0m
  [4;36;1mSQL (0.002783)[0m   [0;1mCREATE TABLE reservations ("id" INTEGER PRIMARY KEY AUTOINCREMENT NOT NULL, "check_in" date DEFAULT NULL, "check_out" date DEFAULT NULL, "rate" integer DEFAULT NULL, "number_of_rooms" integer DEFAULT NULL, "room_type_id" integer DEFAULT NULL, "created_at" datetime DEFAULT NULL, "updated_at" datetime DEFAULT NULL) [0m
  [4;35;1mSQL (0.000000)[0m   [0mSQLite3::SQLException: no such table: room_types: DROP TABLE room_types[0m
  [4;36;1mSQL (0.002411)[0m   [0;1mCREATE TABLE room_types ("id" INTEGER PRIMARY KEY AUTOINCREMENT NOT NULL, "name" varchar(255) DEFAULT NULL, "rack_rate" decimal DEFAULT NULL, "created_at" datetime DEFAULT NULL, "updated_at" datetime DEFAULT NULL) [0m
  [4;35;1mSQL (0.002650)[0m   [0mCREATE TABLE schema_info (version integer)[0m
  [4;36;1mSQL (0.002422)[0m   [0;1mINSERT INTO schema_info (version) VALUES(0)[0m
  [4;35;1mSQL (0.002264)[0m   [0mUPDATE schema_info SET version = 2[0m
